# JRE version: OpenJDK Runtime Environment (14.0.2+12) (build 14.0.2+12-46)
# Java VM: OpenJDK 64-Bit Server VM (14.0.2+12-46, mixed mode, tiered, compressed oops, g1 gc, linux-amd64)
Heap:
 garbage-first heap   total 266240K, used 173811K [0x00000000c4c00000, 0x0000000100000000)
  region size 1024K, 39 young (39936K), 5 survivors (5120K)
 Metaspace       used 29251K, capacity 29788K, committed 30080K, reserved 1077248K
  class space    used 2936K, capacity 3151K, committed 3200K, reserved 1048576K
GC Heap History (20 events):
Event: 7,991 GC heap before
{Heap before GC invocations=70 (full 0):
 garbage-first heap   total 196608K, used 100167K [0x00000000c4c00000, 0x0000000100000000)
  region size 1024K, 8 young (8192K), 5 survivors (5120K)
 Metaspace       used 26461K, capacity 26834K, committed 27008K, reserved 1073152K
  class space    used 2675K, capacity 2853K, committed 2944K, reserved 1048576K
}
Event: 7,996 GC heap after
{Heap after GC invocations=71 (full 0):
 garbage-first heap   total 196608K, used 99456K [0x00000000c4c00000, 0x0000000100000000)
  region size 1024K, 3 young (3072K), 3 survivors (3072K)
 Metaspace       used 26461K, capacity 26834K, committed 27008K, reserved 1073152K
  class space    used 2675K, capacity 2853K, committed 2944K, reserved 1048576K
}
Event: 8,057 GC heap before
{Heap before GC invocations=72 (full 0):
 garbage-first heap   total 196608K, used 103552K [0x00000000c4c00000, 0x0000000100000000)
  region size 1024K, 6 young (6144K), 3 survivors (3072K)
 Metaspace       used 26493K, capacity 26962K, committed 27264K, reserved 1073152K
  class space    used 2675K, capacity 2853K, committed 2944K, reserved 1048576K
}
Event: 8,062 GC heap after
{Heap after GC invocations=73 (full 0):
 garbage-first heap   total 196608K, used 102942K [0x00000000c4c00000, 0x0000000100000000)
  region size 1024K, 4 young (4096K), 4 survivors (4096K)
 Metaspace       used 26493K, capacity 26962K, committed 27264K, reserved 1073152K
  class space    used 2675K, capacity 2853K, committed 2944K, reserved 1048576K
}
Event: 8,135 GC heap before
{Heap before GC invocations=74 (full 0):
 garbage-first heap   total 196608K, used 109086K [0x00000000c4c00000, 0x0000000100000000)
  region size 1024K, 9 young (9216K), 4 survivors (4096K)
 Metaspace       used 26510K, capacity 26962K, committed 27264K, reserved 1073152K
  class space    used 2675K, capacity 2853K, committed 2944K, reserved 1048576K
}
Event: 8,139 GC heap after
{Heap after GC invocations=75 (full 0):
 garbage-first heap   total 196608K, used 106567K [0x00000000c4c00000, 0x0000000100000000)
  region size 1024K, 5 young (5120K), 5 survivors (5120K)
 Metaspace       used 26510K, capacity 26962K, committed 27264K, reserved 1073152K
  class space    used 2675K, capacity 2853K, committed 2944K, reserved 1048576K
}
Event: 8,222 GC heap before
{Heap before GC invocations=76 (full 0):
 garbage-first heap   total 196608K, used 111687K [0x00000000c4c00000, 0x0000000100000000)
  region size 1024K, 9 young (9216K), 5 survivors (5120K)
 Metaspace       used 26533K, capacity 26962K, committed 27264K, reserved 1073152K
  class space    used 2675K, capacity 2853K, committed 2944K, reserved 1048576K
}
Event: 8,226 GC heap after
{Heap after GC invocations=77 (full 0):
 garbage-first heap   total 196608K, used 111780K [0x00000000c4c00000, 0x0000000100000000)
  region size 1024K, 4 young (4096K), 4 survivors (4096K)
 Metaspace       used 26533K, capacity 26962K, committed 27264K, reserved 1073152K
  class space    used 2675K, capacity 2853K, committed 2944K, reserved 1048576K
}
Event: 8,285 GC heap before
{Heap before GC invocations=78 (full 0):
 garbage-first heap   total 196608K, used 116900K [0x00000000c4c00000, 0x0000000100000000)
  region size 1024K, 8 young (8192K), 4 survivors (4096K)
 Metaspace       used 26538K, capacity 26962K, committed 27264K, reserved 1073152K
  class space    used 2675K, capacity 2853K, committed 2944K, reserved 1048576K
}
Event: 8,289 GC heap after
{Heap after GC invocations=79 (full 0):
 garbage-first heap   total 196608K, used 115531K [0x00000000c4c00000, 0x0000000100000000)
  region size 1024K, 4 young (4096K), 4 survivors (4096K)
 Metaspace       used 26538K, capacity 26962K, committed 27264K, reserved 1073152K
  class space    used 2675K, capacity 2853K, committed 2944K, reserved 1048576K
}
Event: 8,365 GC heap before
{Heap before GC invocations=80 (full 0):
 garbage-first heap   total 198656K, used 121675K [0x00000000c4c00000, 0x0000000100000000)
  region size 1024K, 9 young (9216K), 4 survivors (4096K)
 Metaspace       used 26559K, capacity 27026K, committed 27264K, reserved 1073152K
  class space    used 2675K, capacity 2853K, committed 2944K, reserved 1048576K
}
Event: 8,369 GC heap after
{Heap after GC invocations=81 (full 0):
 garbage-first heap   total 198656K, used 119065K [0x00000000c4c00000, 0x0000000100000000)
  region size 1024K, 3 young (3072K), 3 survivors (3072K)
 Metaspace       used 26559K, capacity 27026K, committed 27264K, reserved 1073152K
  class space    used 2675K, capacity 2853K, committed 2944K, reserved 1048576K
}
Event: 8,443 GC heap before
{Heap before GC invocations=82 (full 0):
 garbage-first heap   total 206848K, used 123161K [0x00000000c4c00000, 0x0000000100000000)
  region size 1024K, 6 young (6144K), 3 survivors (3072K)
 Metaspace       used 26628K, capacity 27093K, committed 27264K, reserved 1073152K
  class space    used 2675K, capacity 2853K, committed 2944K, reserved 1048576K
}
Event: 8,450 GC heap after
{Heap after GC invocations=83 (full 0):
 garbage-first heap   total 206848K, used 122655K [0x00000000c4c00000, 0x0000000100000000)
  region size 1024K, 3 young (3072K), 3 survivors (3072K)
 Metaspace       used 26628K, capacity 27093K, committed 27264K, reserved 1073152K
  class space    used 2675K, capacity 2853K, committed 2944K, reserved 1048576K
}
Event: 8,508 GC heap before
{Heap before GC invocations=84 (full 0):
 garbage-first heap   total 211968K, used 126751K [0x00000000c4c00000, 0x0000000100000000)
  region size 1024K, 6 young (6144K), 3 survivors (3072K)
 Metaspace       used 26629K, capacity 27093K, committed 27264K, reserved 1073152K
  class space    used 2675K, capacity 2853K, committed 2944K, reserved 1048576K
}
Event: 8,513 GC heap after
{Heap after GC invocations=85 (full 0):
 garbage-first heap   total 211968K, used 126096K [0x00000000c4c00000, 0x0000000100000000)
  region size 1024K, 3 young (3072K), 3 survivors (3072K)
 Metaspace       used 26629K, capacity 27093K, committed 27264K, reserved 1073152K
  class space    used 2675K, capacity 2853K, committed 2944K, reserved 1048576K
}
Event: 8,606 GC heap before
{Heap before GC invocations=86 (full 0):
 garbage-first heap   total 219136K, used 132240K [0x00000000c4c00000, 0x0000000100000000)
  region size 1024K, 7 young (7168K), 3 survivors (3072K)
 Metaspace       used 26652K, capacity 27095K, committed 27264K, reserved 1073152K
  class space    used 2675K, capacity 2853K, committed 2944K, reserved 1048576K
}
Event: 8,611 GC heap after
{Heap after GC invocations=87 (full 0):
 garbage-first heap   total 219136K, used 131577K [0x00000000c4c00000, 0x0000000100000000)
  region size 1024K, 4 young (4096K), 4 survivors (4096K)
 Metaspace       used 26652K, capacity 27095K, committed 27264K, reserved 1073152K
  class space    used 2675K, capacity 2853K, committed 2944K, reserved 1048576K
}
Event: 8,701 GC heap before
{Heap before GC invocations=88 (full 0):
 garbage-first heap   total 227328K, used 139769K [0x00000000c4c00000, 0x0000000100000000)
  region size 1024K, 10 young (10240K), 4 survivors (4096K)
 Metaspace       used 26687K, capacity 27095K, committed 27264K, reserved 1073152K
  class space    used 2675K, capacity 2853K, committed 2944K, reserved 1048576K
}
Event: 8,706 GC heap after
{Heap after GC invocations=89 (full 0):
 garbage-first heap   total 266240K, used 136947K [0x00000000c4c00000, 0x0000000100000000)
  region size 1024K, 5 young (5120K), 5 survivors (5120K)
 Metaspace       used 26687K, capacity 27095K, committed 27264K, reserved 1073152K
  class space    used 2675K, capacity 2853K, committed 2944K, reserved 1048576K
}

