# JRE version: OpenJDK Runtime Environment (14.0.2+12) (build 14.0.2+12-46)
# Java VM: OpenJDK 64-Bit Server VM (14.0.2+12-46, mixed mode, tiered, compressed oops, g1 gc, linux-amd64)
Heap:
 garbage-first heap   total 20480K, used 6268K [0x00000000c4c00000, 0x0000000100000000)
  region size 1024K, 3 young (3072K), 2 survivors (2048K)
 Metaspace       used 26850K, capacity 27250K, committed 27776K, reserved 1075200K
  class space    used 2762K, capacity 2910K, committed 2944K, reserved 1048576K
GC Heap History (6 events):
Event: 6,310 GC heap before
{Heap before GC invocations=0 (full 0):
 garbage-first heap   total 61440K, used 22528K [0x00000000c4c00000, 0x0000000100000000)
  region size 1024K, 23 young (23552K), 0 survivors (0K)
 Metaspace       used 16276K, capacity 16649K, committed 16896K, reserved 1064960K
  class space    used 1552K, capacity 1684K, committed 1792K, reserved 1048576K
}
Event: 6,319 GC heap after
{Heap after GC invocations=1 (full 0):
 garbage-first heap   total 61440K, used 3144K [0x00000000c4c00000, 0x0000000100000000)
  region size 1024K, 3 young (3072K), 3 survivors (3072K)
 Metaspace       used 16276K, capacity 16649K, committed 16896K, reserved 1064960K
  class space    used 1552K, capacity 1684K, committed 1792K, reserved 1048576K
}
Event: 18,062 GC heap before
{Heap before GC invocations=1 (full 0):
 garbage-first heap   total 61440K, used 18504K [0x00000000c4c00000, 0x0000000100000000)
  region size 1024K, 19 young (19456K), 3 survivors (3072K)
 Metaspace       used 20611K, capacity 20892K, committed 21248K, reserved 1069056K
  class space    used 2054K, capacity 2180K, committed 2304K, reserved 1048576K
}
Event: 18,141 GC heap after
{Heap after GC invocations=2 (full 0):
 garbage-first heap   total 61440K, used 4804K [0x00000000c4c00000, 0x0000000100000000)
  region size 1024K, 2 young (2048K), 2 survivors (2048K)
 Metaspace       used 20611K, capacity 20892K, committed 21248K, reserved 1069056K
  class space    used 2054K, capacity 2180K, committed 2304K, reserved 1048576K
}
Event: 1630,667 GC heap before
{Heap before GC invocations=3 (full 0):
 garbage-first heap   total 20480K, used 15044K [0x00000000c4c00000, 0x0000000100000000)
  region size 1024K, 12 young (12288K), 2 survivors (2048K)
 Metaspace       used 26839K, capacity 27250K, committed 27776K, reserved 1075200K
  class space    used 2761K, capacity 2910K, committed 2944K, reserved 1048576K
}
Event: 1630,678 GC heap after
{Heap after GC invocations=4 (full 0):
 garbage-first heap   total 20480K, used 6268K [0x00000000c4c00000, 0x0000000100000000)
  region size 1024K, 2 young (2048K), 2 survivors (2048K)
 Metaspace       used 26839K, capacity 27250K, committed 27776K, reserved 1075200K
  class space    used 2761K, capacity 2910K, committed 2944K, reserved 1048576K
}

